Build started 21.09.2014 12:18:46.
     1>Project "C:\Users\Adrian\documents\visual studio 2013\Projects\arc-project\playground\playground.vcxproj" on node 2 (Build target(s)).
     1>ClCompile:
         C:\Program Files (x86)\Microsoft Visual Studio 12.0\VC\bin\CL.exe /c /I..\external\include /I..\ /Zi /nologo /W3 /WX- /sdl /O2 /Oi /Oy- /GL /D WIN32 /D NDEBUG /D _CONSOLE /D _LIB /D _UNICODE /D UNICODE /Gm- /EHsc /MD /GS /Gy /fp:precise /Zc:wchar_t /Zc:forScope /Fo"Release\\" /Fd"Release\vc120.pdb" /Gd /TP /analyze- /errorReport:prompt renderer\Renderer_GL44.cpp
         Renderer_GL44.cpp
     1>C:\Users\Adrian\documents\visual studio 2013\Projects\arc-project\arc/memory/util.hpp(105): warning C4244: 'return' : conversion from 'arc::int64' to 'arc::uint32', possible loss of data
                 renderer\Renderer_GL44.cpp(409) : see reference to function template instantiation 'T arc::memory::util::forward_align<arc::uint32,arc::uint32>(T,W)' being compiled
                 with
                 [
                     T=arc::uint32
         ,            W=arc::uint32
                 ]
       Link:
         C:\Program Files (x86)\Microsoft Visual Studio 12.0\VC\bin\link.exe /ERRORREPORT:PROMPT /OUT:"C:\Users\Adrian\documents\visual studio 2013\Projects\arc-project\Release\playground.exe" /INCREMENTAL:NO /NOLOGO /LIBPATH:..\external\lib\x86 /LIBPATH:..\Release arc.lib SDL2.lib SDL2main.lib glew32s.lib OpenGL32.lib lua51.lib kernel32.lib user32.lib gdi32.lib winspool.lib comdlg32.lib advapi32.lib shell32.lib ole32.lib oleaut32.lib uuid.lib odbc32.lib odbccp32.lib /MANIFEST /MANIFESTUAC:"level='asInvoker' uiAccess='false'" /manifest:embed /DEBUG /PDB:"C:\Users\Adrian\documents\visual studio 2013\Projects\arc-project\Release\playground.pdb" /SUBSYSTEM:CONSOLE /OPT:REF /OPT:ICF /LTCG /TLBID:1 /DYNAMICBASE /NXCOMPAT /IMPLIB:"C:\Users\Adrian\documents\visual studio 2013\Projects\arc-project\Release\playground.lib" /MACHINE:X86 /SAFESEH Release\engine.obj
         Release\entity.obj
         Release\SimpleMaterialComponent.obj
         Release\GeometryManager.obj
         Release\input.obj
         Release\main.obj
         Release\mesh.obj
         Release\renderer.obj
         Release\Renderer_GL44.obj
         Release\VertexLayout.obj
         Release\ShaderManager.obj
         Release\state.obj
         Release\stdafx.obj
     1>LINK : warning LNK4098: defaultlib 'LIBCMT' conflicts with use of other libs; use /NODEFAULTLIB:library
         Generating code
         Finished generating code
     1>glew32s.lib(glew.obj) : warning LNK4099: PDB 'vc100.pdb' was not found with 'glew32s.lib(glew.obj)' or at 'C:\Users\Adrian\documents\visual studio 2013\Projects\arc-project\Release\vc100.pdb'; linking object as if no debug info
         playground.vcxproj -> C:\Users\Adrian\documents\visual studio 2013\Projects\arc-project\Release\playground.exe
     1>Done Building Project "C:\Users\Adrian\documents\visual studio 2013\Projects\arc-project\playground\playground.vcxproj" (Build target(s)).

Build succeeded.

Time Elapsed 00:00:02.52
